#0 building with "default" instance using docker driver

#1 [internal] load build definition from Dockerfile
#1 transferring dockerfile: 521B done
#1 DONE 0.0s

#2 [internal] load metadata for docker.io/library/golang:1.23-alpine
#2 DONE 0.8s

#3 [internal] load metadata for docker.io/library/alpine:latest
#3 DONE 0.9s

#4 [internal] load .dockerignore
#4 transferring context: 2B done
#4 DONE 0.0s

#5 [builder 1/6] FROM docker.io/library/golang:1.23-alpine@sha256:383395b794dffa5b53012a212365d40c8e37109a626ca30d6151c8348d380b5f
#5 DONE 0.0s

#6 [stage-1 1/3] FROM docker.io/library/alpine:latest@sha256:4b7ce07002c69e8f3d704a9c5d6fd3053be500b7f1c69fc0d80990c2ad8dd412
#6 DONE 0.0s

#7 [stage-1 2/3] WORKDIR /app
#7 CACHED

#8 [internal] load build context
#8 transferring context: 23.04MB 0.1s done
#8 DONE 0.1s

#9 [builder 2/6] WORKDIR /app
#9 CACHED

#10 [builder 3/6] COPY go.mod go.sum ./
#10 CACHED

#11 [builder 4/6] RUN go mod download
#11 CACHED

#12 [builder 5/6] COPY . .
#12 DONE 0.1s

#13 [builder 6/6] RUN CGO_ENABLED=0 GOOS=linux go build -o smr-api ./cmd/main.go
#13 DONE 25.7s

#14 [stage-1 3/3] COPY --from=builder /app/smr-api .
#14 DONE 0.0s

#15 exporting to image
#15 exporting layers 0.0s done
#15 writing image sha256:27abf03ebc0fba2fecc4ced9c405022cb0fb9a35b4b16a8c74ae00e42a9de0af done
#15 naming to docker.io/library/smr-api done
#15 DONE 0.0s
